<?xml version="1.0" encoding="UTF-8"?>
<!-- Generated by org.testng.reporters.JUnitReportReporter -->
<testsuite skipped="0" hostname="Naren" name="com.myproject.tesstcases.LoginPageTest" tests="1" failures="0" timestamp="16 May 2018 16:12:45 GMT" time="22.829" errors="0">
  <testcase name="logintest" time="22.829" classname="com.myproject.tesstcases.LoginPageTest"/>
</testsuite> <!-- com.myproject.tesstcases.LoginPageTest -->
